# JRE version: OpenJDK Runtime Environment Temurin-21.0.10+7 (21.0.10+7) (build 21.0.10+7-LTS)
# Java VM: OpenJDK 64-Bit Server VM Temurin-21.0.10+7 (21.0.10+7-LTS, mixed mode, sharing, tiered, compressed oops, compressed class ptrs, parallel gc, windows-amd64)
GC Precious Log:
 CardTable entry size: 512
 CPUs: 12 total, 12 available
 Memory: 16251M
 Large Page Support: Disabled
 NUMA Support: Disabled
 Compressed Oops: Enabled (32-bit)
 Alignments: Space 512K, Generation 512K, Heap 2M
 Heap Min Capacity: 100M
 Heap Initial Capacity: 100M
 Heap Max Capacity: 2G
 Pre-touch: Disabled
 Parallel Workers: 10
Heap:
 PSYoungGen      total 7680K, used 4051K [0x00000000d5580000, 0x00000000d5e00000, 0x0000000100000000)
  eden space 6656K, 54% used [0x00000000d5580000,0x00000000d5904ef0,0x00000000d5c00000)
  from space 1024K, 43% used [0x00000000d5c00000,0x00000000d5c70040,0x00000000d5d00000)
  to   space 512K, 0% used [0x00000000d5d80000,0x00000000d5d80000,0x00000000d5e00000)
 ParOldGen       total 127488K, used 127455K [0x0000000080000000, 0x0000000087c80000, 0x00000000d5580000)
  object space 127488K, 99% used [0x0000000080000000,0x0000000087c77ec0,0x0000000087c80000)
 Metaspace       used 73213K, committed 75008K, reserved 1179648K
  class space    used 7639K, committed 8448K, reserved 1048576K
GC Heap History (20 events):
Event: 3006.781 GC heap before
{Heap before GC invocations=153 (full 3):
 PSYoungGen      total 8192K, used 7732K [0x00000000d5580000, 0x00000000d5f00000, 0x0000000100000000)
  eden space 6656K, 100% used [0x00000000d5580000,0x00000000d5c00000,0x00000000d5c00000)
  from space 1536K, 70% used [0x00000000d5c00000,0x00000000d5d0d220,0x00000000d5d80000)
  to   space 1536K, 0% used [0x00000000d5d80000,0x00000000d5d80000,0x00000000d5f00000)
 ParOldGen       total 122368K, used 121977K [0x0000000080000000, 0x0000000087780000, 0x00000000d5580000)
  object space 122368K, 99% used [0x0000000080000000,0x000000008771e500,0x0000000087780000)
 Metaspace       used 72907K, committed 74688K, reserved 1179648K
  class space    used 7632K, committed 8448K, reserved 1048576K
}
Event: 3006.783 GC heap after
{Heap after GC invocations=153 (full 3):
 PSYoungGen      total 8192K, used 1082K [0x00000000d5580000, 0x00000000d5f00000, 0x0000000100000000)
  eden space 6656K, 0% used [0x00000000d5580000,0x00000000d5580000,0x00000000d5c00000)
  from space 1536K, 70% used [0x00000000d5d80000,0x00000000d5e8e900,0x00000000d5f00000)
  to   space 1536K, 0% used [0x00000000d5c00000,0x00000000d5c00000,0x00000000d5d80000)
 ParOldGen       total 123392K, used 122938K [0x0000000080000000, 0x0000000087880000, 0x00000000d5580000)
  object space 123392K, 99% used [0x0000000080000000,0x000000008780eb60,0x0000000087880000)
 Metaspace       used 72907K, committed 74688K, reserved 1179648K
  class space    used 7632K, committed 8448K, reserved 1048576K
}
Event: 3006.813 GC heap before
{Heap before GC invocations=154 (full 3):
 PSYoungGen      total 8192K, used 7738K [0x00000000d5580000, 0x00000000d5f00000, 0x0000000100000000)
  eden space 6656K, 100% used [0x00000000d5580000,0x00000000d5c00000,0x00000000d5c00000)
  from space 1536K, 70% used [0x00000000d5d80000,0x00000000d5e8e900,0x00000000d5f00000)
  to   space 1536K, 0% used [0x00000000d5c00000,0x00000000d5c00000,0x00000000d5d80000)
 ParOldGen       total 123392K, used 122938K [0x0000000080000000, 0x0000000087880000, 0x00000000d5580000)
  object space 123392K, 99% used [0x0000000080000000,0x000000008780eb60,0x0000000087880000)
 Metaspace       used 72938K, committed 74688K, reserved 1179648K
  class space    used 7635K, committed 8448K, reserved 1048576K
}
Event: 3006.815 GC heap after
{Heap after GC invocations=154 (full 3):
 PSYoungGen      total 7680K, used 832K [0x00000000d5580000, 0x00000000d5e00000, 0x0000000100000000)
  eden space 6656K, 0% used [0x00000000d5580000,0x00000000d5580000,0x00000000d5c00000)
  from space 1024K, 81% used [0x00000000d5c00000,0x00000000d5cd0000,0x00000000d5d00000)
  to   space 1024K, 0% used [0x00000000d5d00000,0x00000000d5d00000,0x00000000d5e00000)
 ParOldGen       total 124416K, used 123937K [0x0000000080000000, 0x0000000087980000, 0x00000000d5580000)
  object space 124416K, 99% used [0x0000000080000000,0x0000000087908540,0x0000000087980000)
 Metaspace       used 72938K, committed 74688K, reserved 1179648K
  class space    used 7635K, committed 8448K, reserved 1048576K
}
Event: 3101.263 GC heap before
{Heap before GC invocations=155 (full 3):
 PSYoungGen      total 7680K, used 7488K [0x00000000d5580000, 0x00000000d5e00000, 0x0000000100000000)
  eden space 6656K, 100% used [0x00000000d5580000,0x00000000d5c00000,0x00000000d5c00000)
  from space 1024K, 81% used [0x00000000d5c00000,0x00000000d5cd0000,0x00000000d5d00000)
  to   space 1024K, 0% used [0x00000000d5d00000,0x00000000d5d00000,0x00000000d5e00000)
 ParOldGen       total 124416K, used 123937K [0x0000000080000000, 0x0000000087980000, 0x00000000d5580000)
  object space 124416K, 99% used [0x0000000080000000,0x0000000087908540,0x0000000087980000)
 Metaspace       used 72959K, committed 74688K, reserved 1179648K
  class space    used 7636K, committed 8448K, reserved 1048576K
}
Event: 3101.264 GC heap after
{Heap after GC invocations=155 (full 3):
 PSYoungGen      total 7680K, used 576K [0x00000000d5580000, 0x00000000d5e00000, 0x0000000100000000)
  eden space 6656K, 0% used [0x00000000d5580000,0x00000000d5580000,0x00000000d5c00000)
  from space 1024K, 56% used [0x00000000d5d00000,0x00000000d5d90020,0x00000000d5e00000)
  to   space 1024K, 0% used [0x00000000d5c00000,0x00000000d5c00000,0x00000000d5d00000)
 ParOldGen       total 124928K, used 124601K [0x0000000080000000, 0x0000000087a00000, 0x00000000d5580000)
  object space 124928K, 99% used [0x0000000080000000,0x00000000879ae5a0,0x0000000087a00000)
 Metaspace       used 72959K, committed 74688K, reserved 1179648K
  class space    used 7636K, committed 8448K, reserved 1048576K
}
Event: 3282.764 GC heap before
{Heap before GC invocations=156 (full 3):
 PSYoungGen      total 7680K, used 7232K [0x00000000d5580000, 0x00000000d5e00000, 0x0000000100000000)
  eden space 6656K, 100% used [0x00000000d5580000,0x00000000d5c00000,0x00000000d5c00000)
  from space 1024K, 56% used [0x00000000d5d00000,0x00000000d5d90020,0x00000000d5e00000)
  to   space 1024K, 0% used [0x00000000d5c00000,0x00000000d5c00000,0x00000000d5d00000)
 ParOldGen       total 124928K, used 124601K [0x0000000080000000, 0x0000000087a00000, 0x00000000d5580000)
  object space 124928K, 99% used [0x0000000080000000,0x00000000879ae5a0,0x0000000087a00000)
 Metaspace       used 72984K, committed 74752K, reserved 1179648K
  class space    used 7636K, committed 8448K, reserved 1048576K
}
Event: 3282.765 GC heap after
{Heap after GC invocations=156 (full 3):
 PSYoungGen      total 7680K, used 564K [0x00000000d5580000, 0x00000000d5e00000, 0x0000000100000000)
  eden space 6656K, 0% used [0x00000000d5580000,0x00000000d5580000,0x00000000d5c00000)
  from space 1024K, 55% used [0x00000000d5c00000,0x00000000d5c8d200,0x00000000d5d00000)
  to   space 1024K, 0% used [0x00000000d5d00000,0x00000000d5d00000,0x00000000d5e00000)
 ParOldGen       total 124928K, used 124839K [0x0000000080000000, 0x0000000087a00000, 0x00000000d5580000)
  object space 124928K, 99% used [0x0000000080000000,0x00000000879e9d30,0x0000000087a00000)
 Metaspace       used 72984K, committed 74752K, reserved 1179648K
  class space    used 7636K, committed 8448K, reserved 1048576K
}
Event: 3282.807 GC heap before
{Heap before GC invocations=157 (full 3):
 PSYoungGen      total 7680K, used 7220K [0x00000000d5580000, 0x00000000d5e00000, 0x0000000100000000)
  eden space 6656K, 100% used [0x00000000d5580000,0x00000000d5c00000,0x00000000d5c00000)
  from space 1024K, 55% used [0x00000000d5c00000,0x00000000d5c8d200,0x00000000d5d00000)
  to   space 1024K, 0% used [0x00000000d5d00000,0x00000000d5d00000,0x00000000d5e00000)
 ParOldGen       total 124928K, used 124839K [0x0000000080000000, 0x0000000087a00000, 0x00000000d5580000)
  object space 124928K, 99% used [0x0000000080000000,0x00000000879e9d30,0x0000000087a00000)
 Metaspace       used 73025K, committed 74752K, reserved 1179648K
  class space    used 7638K, committed 8448K, reserved 1048576K
}
Event: 3282.808 GC heap after
{Heap after GC invocations=157 (full 3):
 PSYoungGen      total 7168K, used 308K [0x00000000d5580000, 0x00000000d5d80000, 0x0000000100000000)
  eden space 6656K, 0% used [0x00000000d5580000,0x00000000d5580000,0x00000000d5c00000)
  from space 512K, 60% used [0x00000000d5d00000,0x00000000d5d4d200,0x00000000d5d80000)
  to   space 512K, 0% used [0x00000000d5c80000,0x00000000d5c80000,0x00000000d5d00000)
 ParOldGen       total 124928K, used 124927K [0x0000000080000000, 0x0000000087a00000, 0x00000000d5580000)
  object space 124928K, 99% used [0x0000000080000000,0x00000000879ffd30,0x0000000087a00000)
 Metaspace       used 73025K, committed 74752K, reserved 1179648K
  class space    used 7638K, committed 8448K, reserved 1048576K
}
Event: 3282.828 GC heap before
{Heap before GC invocations=158 (full 3):
 PSYoungGen      total 7168K, used 6964K [0x00000000d5580000, 0x00000000d5d80000, 0x0000000100000000)
  eden space 6656K, 100% used [0x00000000d5580000,0x00000000d5c00000,0x00000000d5c00000)
  from space 512K, 60% used [0x00000000d5d00000,0x00000000d5d4d200,0x00000000d5d80000)
  to   space 512K, 0% used [0x00000000d5c80000,0x00000000d5c80000,0x00000000d5d00000)
 ParOldGen       total 124928K, used 124927K [0x0000000080000000, 0x0000000087a00000, 0x00000000d5580000)
  object space 124928K, 99% used [0x0000000080000000,0x00000000879ffd30,0x0000000087a00000)
 Metaspace       used 73052K, committed 74816K, reserved 1179648K
  class space    used 7639K, committed 8448K, reserved 1048576K
}
Event: 3282.829 GC heap after
{Heap after GC invocations=158 (full 3):
 PSYoungGen      total 7168K, used 512K [0x00000000d5580000, 0x00000000d5f00000, 0x0000000100000000)
  eden space 6656K, 0% used [0x00000000d5580000,0x00000000d5580000,0x00000000d5c00000)
  from space 512K, 100% used [0x00000000d5c80000,0x00000000d5d00000,0x00000000d5d00000)
  to   space 1536K, 0% used [0x00000000d5d80000,0x00000000d5d80000,0x00000000d5f00000)
 ParOldGen       total 125440K, used 125435K [0x0000000080000000, 0x0000000087a80000, 0x00000000d5580000)
  object space 125440K, 99% used [0x0000000080000000,0x0000000087a7ef80,0x0000000087a80000)
 Metaspace       used 73052K, committed 74816K, reserved 1179648K
  class space    used 7639K, committed 8448K, reserved 1048576K
}
Event: 3536.217 GC heap before
{Heap before GC invocations=159 (full 3):
 PSYoungGen      total 7168K, used 7168K [0x00000000d5580000, 0x00000000d5f00000, 0x0000000100000000)
  eden space 6656K, 100% used [0x00000000d5580000,0x00000000d5c00000,0x00000000d5c00000)
  from space 512K, 100% used [0x00000000d5c80000,0x00000000d5d00000,0x00000000d5d00000)
  to   space 1536K, 0% used [0x00000000d5d80000,0x00000000d5d80000,0x00000000d5f00000)
 ParOldGen       total 125440K, used 125435K [0x0000000080000000, 0x0000000087a80000, 0x00000000d5580000)
  object space 125440K, 99% used [0x0000000080000000,0x0000000087a7ef80,0x0000000087a80000)
 Metaspace       used 73087K, committed 74816K, reserved 1179648K
  class space    used 7639K, committed 8448K, reserved 1048576K
}
Event: 3536.218 GC heap after
{Heap after GC invocations=159 (full 3):
 PSYoungGen      total 8192K, used 1092K [0x00000000d5580000, 0x00000000d5f00000, 0x0000000100000000)
  eden space 6656K, 0% used [0x00000000d5580000,0x00000000d5580000,0x00000000d5c00000)
  from space 1536K, 71% used [0x00000000d5d80000,0x00000000d5e91230,0x00000000d5f00000)
  to   space 1536K, 0% used [0x00000000d5c00000,0x00000000d5c00000,0x00000000d5d80000)
 ParOldGen       total 125952K, used 125903K [0x0000000080000000, 0x0000000087b00000, 0x00000000d5580000)
  object space 125952K, 99% used [0x0000000080000000,0x0000000087af3f90,0x0000000087b00000)
 Metaspace       used 73087K, committed 74816K, reserved 1179648K
  class space    used 7639K, committed 8448K, reserved 1048576K
}
Event: 3536.239 GC heap before
{Heap before GC invocations=160 (full 3):
 PSYoungGen      total 8192K, used 7748K [0x00000000d5580000, 0x00000000d5f00000, 0x0000000100000000)
  eden space 6656K, 100% used [0x00000000d5580000,0x00000000d5c00000,0x00000000d5c00000)
  from space 1536K, 71% used [0x00000000d5d80000,0x00000000d5e91230,0x00000000d5f00000)
  to   space 1536K, 0% used [0x00000000d5c00000,0x00000000d5c00000,0x00000000d5d80000)
 ParOldGen       total 125952K, used 125903K [0x0000000080000000, 0x0000000087b00000, 0x00000000d5580000)
  object space 125952K, 99% used [0x0000000080000000,0x0000000087af3f90,0x0000000087b00000)
 Metaspace       used 73121K, committed 74816K, reserved 1179648K
  class space    used 7639K, committed 8448K, reserved 1048576K
}
Event: 3536.241 GC heap after
{Heap after GC invocations=160 (full 3):
 PSYoungGen      total 8192K, used 1114K [0x00000000d5580000, 0x00000000d5f00000, 0x0000000100000000)
  eden space 6656K, 0% used [0x00000000d5580000,0x00000000d5580000,0x00000000d5c00000)
  from space 1536K, 72% used [0x00000000d5c00000,0x00000000d5d16900,0x00000000d5d80000)
  to   space 1536K, 0% used [0x00000000d5d80000,0x00000000d5d80000,0x00000000d5f00000)
 ParOldGen       total 126976K, used 126799K [0x0000000080000000, 0x0000000087c00000, 0x00000000d5580000)
  object space 126976K, 99% used [0x0000000080000000,0x0000000087bd3e80,0x0000000087c00000)
 Metaspace       used 73121K, committed 74816K, reserved 1179648K
  class space    used 7639K, committed 8448K, reserved 1048576K
}
Event: 3570.038 GC heap before
{Heap before GC invocations=161 (full 3):
 PSYoungGen      total 8192K, used 7770K [0x00000000d5580000, 0x00000000d5f00000, 0x0000000100000000)
  eden space 6656K, 100% used [0x00000000d5580000,0x00000000d5c00000,0x00000000d5c00000)
  from space 1536K, 72% used [0x00000000d5c00000,0x00000000d5d16900,0x00000000d5d80000)
  to   space 1536K, 0% used [0x00000000d5d80000,0x00000000d5d80000,0x00000000d5f00000)
 ParOldGen       total 126976K, used 126799K [0x0000000080000000, 0x0000000087c00000, 0x00000000d5580000)
  object space 126976K, 99% used [0x0000000080000000,0x0000000087bd3e80,0x0000000087c00000)
 Metaspace       used 73163K, committed 74880K, reserved 1179648K
  class space    used 7639K, committed 8448K, reserved 1048576K
}
Event: 3570.039 GC heap after
{Heap after GC invocations=161 (full 3):
 PSYoungGen      total 7168K, used 192K [0x00000000d5580000, 0x00000000d5e00000, 0x0000000100000000)
  eden space 6656K, 0% used [0x00000000d5580000,0x00000000d5580000,0x00000000d5c00000)
  from space 512K, 37% used [0x00000000d5d80000,0x00000000d5db0000,0x00000000d5e00000)
  to   space 1024K, 0% used [0x00000000d5c00000,0x00000000d5c00000,0x00000000d5d00000)
 ParOldGen       total 127488K, used 127399K [0x0000000080000000, 0x0000000087c80000, 0x00000000d5580000)
  object space 127488K, 99% used [0x0000000080000000,0x0000000087c69ec0,0x0000000087c80000)
 Metaspace       used 73163K, committed 74880K, reserved 1179648K
  class space    used 7639K, committed 8448K, reserved 1048576K
}
Event: 3602.669 GC heap before
{Heap before GC invocations=162 (full 3):
 PSYoungGen      total 7168K, used 6848K [0x00000000d5580000, 0x00000000d5e00000, 0x0000000100000000)
  eden space 6656K, 100% used [0x00000000d5580000,0x00000000d5c00000,0x00000000d5c00000)
  from space 512K, 37% used [0x00000000d5d80000,0x00000000d5db0000,0x00000000d5e00000)
  to   space 1024K, 0% used [0x00000000d5c00000,0x00000000d5c00000,0x00000000d5d00000)
 ParOldGen       total 127488K, used 127399K [0x0000000080000000, 0x0000000087c80000, 0x00000000d5580000)
  object space 127488K, 99% used [0x0000000080000000,0x0000000087c69ec0,0x0000000087c80000)
 Metaspace       used 73203K, committed 75008K, reserved 1179648K
  class space    used 7639K, committed 8448K, reserved 1048576K
}
Event: 3602.669 GC heap after
{Heap after GC invocations=162 (full 3):
 PSYoungGen      total 7680K, used 448K [0x00000000d5580000, 0x00000000d5e00000, 0x0000000100000000)
  eden space 6656K, 0% used [0x00000000d5580000,0x00000000d5580000,0x00000000d5c00000)
  from space 1024K, 43% used [0x00000000d5c00000,0x00000000d5c70040,0x00000000d5d00000)
  to   space 512K, 0% used [0x00000000d5d80000,0x00000000d5d80000,0x00000000d5e00000)
 ParOldGen       total 127488K, used 127455K [0x0000000080000000, 0x0000000087c80000, 0x00000000d5580000)
  object space 127488K, 99% used [0x0000000080000000,0x0000000087c77ec0,0x0000000087c80000)
 Metaspace       used 73203K, committed 75008K, reserved 1179648K
  class space    used 7639K, committed 8448K, reserved 1048576K
}

